[34;1m==>[0m Searching packages requiring update...
[34;1m==>[0m Packages requiring update:  acl attr audit autoconf automake bash bc binutils bison brotli bzip2 check cmake coreutils curl dejagnu dhcpcd diffutils dwm e2fsprogs elfutils eudev expat expect file findutils flex fontconfig freetype-harfbuzz gawk gc gcc gdbm gettext git glib glibc gmp gnupg gperf graphite2 grep groff grub guile gzip iana-etc inetutils intltool iproute2 kbd keyutils kmod krb5 less libaio libassuan libatomic_ops libbsd libcap libcap-ng libcgroup libdrm libepoxy libevdev libffi libfontenc libgcrypt libgpg-error libICE libidn2 libinput libksba libldap libmd libmnl libnghttp2 libnl libnsl libpciaccess libpipeline libpng libpsl libsasl libseccomp libSM libssh2 libtasn1 libtirpc libtool libunistring libunwind libuv libX11 libXau libxcb libXcomposite libxcrypt libXcursor libXdamage libXdmcp libXext libXfixes libXfont2 libXft libXi libXinerama libxkbcommon libxkbfile libXmu libXrandr libXrender libXScrnSaver libxshmfence libXt libXtst libXxf86vm linux-pam llvm lvm2 m4 make make-ca man-db man-pages mesa meson mkfontscale mpc mpfr mtdev nano ncurses ninja npth nspr nss openssl p11-kit patch pcre pcre2 perl pinentry pixman pkg-config procps-ng psmisc python readline sed setxkbmap shadow sowm sqlite3 st sysklogd sysvinit tar tcl texinfo tzdata udev-lfs util-linux vim wget wpa_supplicant xauth xbitmaps xcb-proto xcb-util xcb-util-cursor xcb-util-image xcb-util-keysyms xcb-util-renderutil xcb-util-wm xev xf86-input-libinput xf86-video-amdgpu xf86-video-ati xf86-video-intel xf86-video-nouveau xf86-video-vesa xinit xinput xkbcomp xkeyboard-config xml-parser xorg-fonts xorgproto xorg-server xorg-util-macros xprop xrandr xrdb xset xsetroot xtrans xz zlib zstd 
[34;1m==>[0m Building rebuild graph...
[[1;32mupdate[0m  ] xtrans
[[1;32mupdate[0m  ] xorg-util-macros
[[1;32mupdate[0m  ] xorgproto
[[1;32mupdate[0m  ] xcb-proto
[[1;32mupdate[0m  ] xbitmaps
[[1;32mupdate[0m  ] udev-lfs
[[1;32mupdate[0m  ] tzdata
[[1;32mupdate[0m  ] man-pages
[[1;32mupdate[0m  ] libbsd
[[1;32mupdate[0m  ] libaio
[[1;32mupdate[0m  ] iana-etc
[[1;32mupdate[0m  ] glibc
[[1;32mupdate[0m  ] nspr
[[1;32mupdate[0m  ] kbd
[[1;32mupdate[0m  ] zlib
[[1;32mupdate[0m  ] libpng
[[1;32mupdate[0m  ] libtasn1
[[1;32mupdate[0m  ] libfontenc
[[1;32mupdate[0m  ] libmnl
[[1;32mupdate[0m  ] libXau
[[1;32mupdate[0m  ] npth
[[1;32mupdate[0m  ] libevdev
[[1;32mupdate[0m  ] libpipeline
[[1;32mupdate[0m  ] libxshmfence
[[1;32mupdate[0m  ] libnl
[[1;32mupdate[0m  ] libunistring
[[1;32mupdate[0m  ] ncurses
[[1;32mupdate[0m  ] readline
[[1;32mupdate[0m  ] psmisc
[[1;32mupdate[0m  ] sqlite3
[[1;32mupdate[0m  ] less
[[1;32mupdate[0m  ] libxcrypt
[[1;32mupdate[0m  ] libseccomp
[[1;32mupdate[0m  ] libidn2
[[1;32mupdate[0m  ] libatomic_ops
[[1;32mupdate[0m  ] sysklogd
[[1;32mupdate[0m  ] procps-ng
[[1;32mupdate[0m  ] libffi
[[1;32mupdate[0m  ] p11-kit
[[1;32mupdate[0m  ] nss
[[1;32mupdate[0m  ] make-ca
[[1;32mupdate[0m  ] mtdev
[[1;32mupdate[0m  ] libpsl
[[1;32mupdate[0m  ] libpciaccess
[[1;32mupdate[0m  ] libdrm
[[1;32mupdate[0m  ] libuv
[[1;32mupdate[0m  ] libnghttp2
[[1;32mupdate[0m  ] libepoxy
[[1;32mupdate[0m  ] pixman
[[1;32mupdate[0m  ] tcl
[[1;32mupdate[0m  ] libICE
[[1;32mupdate[0m  ] libSM
[[1;32mupdate[0m  ] libXdmcp
[[1;32mupdate[0m  ] libxcb
[[1;32mupdate[0m  ] xcb-util-renderutil
[[1;32mupdate[0m  ] xcb-util-wm
[[1;32mupdate[0m  ] xcb-util
[[1;32mupdate[0m  ] libxkbcommon
[[1;32mupdate[0m  ] xcb-util-keysyms
[[1;32mupdate[0m  ] xcb-util-image
[[1;32mupdate[0m  ] xcb-util-cursor
[[1;32mupdate[0m  ] libX11
[[1;32mupdate[0m  ] libXt
[[1;32mupdate[0m  ] libXrender
[[1;32mupdate[0m  ] sowm
[[1;32mupdate[0m  ] libXext
[[1;32mupdate[0m  ] libXxf86vm
[[1;32mupdate[0m  ] libXrandr
[[1;32mupdate[0m  ] xev
[[1;32mupdate[0m  ] xrandr
[[1;32mupdate[0m  ] libXinerama
[[1;32mupdate[0m  ] libXfixes
[[1;32mupdate[0m  ] libXcomposite
[[1;32mupdate[0m  ] libXdamage
[[1;32mupdate[0m  ] libXi
[[1;32mupdate[0m  ] xf86-video-vesa
[[1;32mupdate[0m  ] libXtst
[[1;32mupdate[0m  ] libxkbfile
[[1;32mupdate[0m  ] xkbcomp
[[1;32mupdate[0m  ] xkeyboard-config
[[1;32mupdate[0m  ] libXScrnSaver
[[1;32mupdate[0m  ] libXmu
[[1;32mupdate[0m  ] xrdb
[[1;32mupdate[0m  ] xauth
[[1;32mupdate[0m  ] xinput
[[1;32mupdate[0m  ] xprop
[[1;32mupdate[0m  ] xset
[[1;32mupdate[0m  ] libXcursor
[[1;32mupdate[0m  ] xsetroot
[[1;32mupdate[0m  ] setxkbmap
[[1;32mupdate[0m  ] xinit
[[1;32mupdate[0m  ] glib
[[1;32mupdate[0m  ] expect
[[1;32mupdate[0m  ] expat
[[1;32mupdate[0m  ] xml-parser
[[1;32mupdate[0m  ] cmake
[[1;32mupdate[0m  ] brotli
[[1;32mupdate[0m  ] bc
[[1;32mupdate[0m  ] bash
[[1;32mupdate[0m  ] gzip
[[1;32mupdate[0m  ] sysvinit
[[1;32mupdate[0m  ] diffutils
[[1;32mupdate[0m  ] gdbm
[[1;32mupdate[0m  ] m4
[[1;32mupdate[0m  ] xz
[[1;32mupdate[0m  ] zstd
[[1;32mupdate[0m  ] libgpg-error
[[1;32mupdate[0m  ] libksba
[[1;32mupdate[0m  ] libgcrypt
[[1;32mupdate[0m  ] libassuan
[[1;32mupdate[0m  ] keyutils
[[1;32mupdate[0m  ] dejagnu
[[1;32mupdate[0m  ] bzip2
[[1;32mupdate[0m  ] file
[[1;32mupdate[0m  ] nano
[[1;32mupdate[0m  ] findutils
[[1;32mupdate[0m  ] pkg-config
[[1;32mupdate[0m  ] flex
[[1;32mupdate[0m  ] audit
[[1;32mupdate[0m  ] linux-pam
[[1;32mupdate[0m  ] libsasl
[[1;32mupdate[0m  ] libldap
[[1;32mupdate[0m  ] krb5
[[1;32mupdate[0m  ] libtirpc
[[1;32mupdate[0m  ] libnsl
[[1;32mupdate[0m  ] perl
[[1;32mupdate[0m  ] openssl
[[1;32mupdate[0m  ] xorg-fonts
[[1;32mupdate[0m  ] wpa_supplicant
[[1;32mupdate[0m  ] libssh2
[[1;32mupdate[0m  ] kmod
[[1;32mupdate[0m  ] automake
[[1;32mupdate[0m  ] intltool
[[1;32mupdate[0m  ] texinfo
[[1;32mupdate[0m  ] curl
[[1;32mupdate[0m  ] elfutils
[[1;32mupdate[0m  ] binutils
[[1;32mupdate[0m  ] gcc
[[1;32mupdate[0m  ] pcre2
[[1;32mupdate[0m  ] gmp
[[1;32mupdate[0m  ] mpfr
[[1;32mupdate[0m  ] gawk
[[1;32mupdate[0m  ] autoconf
[[1;32mupdate[0m  ] check
[[1;32mupdate[0m  ] mpc
[[1;32mupdate[0m  ] ninja
[[1;32mupdate[0m  ] gc
[[1;32mupdate[0m  ] llvm
[[1;32mupdate[0m  ] mesa
[[1;32mupdate[0m  ] freetype-harfbuzz
[[1;32mupdate[0m  ] libXfont2
[[1;32mupdate[0m  ] mkfontscale
[[1;32mupdate[0m  ] fontconfig
[[1;32mupdate[0m  ] libXft
[[1;32mupdate[0m  ] dwm
[[1;32mupdate[0m  ] st
[[1;32mupdate[0m  ] libunwind
[[1;32mupdate[0m  ] graphite2
[[1;32mupdate[0m  ] gperf
[[1;32mupdate[0m  ] pcre
[[1;32mupdate[0m  ] grep
[[1;32mupdate[0m  ] groff
[[1;32mupdate[0m  ] man-db
[[1;32mupdate[0m  ] libcgroup
[[1;32mupdate[0m  ] attr
[[1;32mupdate[0m  ] patch
[[1;32mupdate[0m  ] libcap
[[1;32mupdate[0m  ] iproute2
[[1;32mupdate[0m  ] inetutils
[[1;32mupdate[0m  ] libcap-ng
[[1;32mupdate[0m  ] pinentry
[[1;32mupdate[0m  ] gnupg
[[1;32mupdate[0m  ] acl
[[1;32mupdate[0m  ] gettext
[[1;32mupdate[0m  ] bison
[[1;32mupdate[0m  ] sed
[[1;32mupdate[0m  ] vim
[[1;32mupdate[0m  ] shadow
[[1;32mupdate[0m  ] git
[[1;32mupdate[0m  ] tar
[[1;32mupdate[0m  ] libtool
[[1;32mupdate[0m  ] guile
[[1;32mupdate[0m  ] make
[[1;32mupdate[0m  ] coreutils
[[1;32mupdate[0m  ] util-linux
[[1;32mupdate[0m  ] python
[[1;32mupdate[0m  ] meson
[[1;32mupdate[0m  ] eudev
[[1;32mupdate[0m  ] libinput
[[1;32mupdate[0m  ] lvm2
[[1;32mupdate[0m  ] grub
[[1;32mupdate[0m  ] dhcpcd
[[1;32mupdate[0m  ] xorg-server
[[1;32mupdate[0m  ] xf86-video-intel
[[1;32mupdate[0m  ] xf86-input-libinput
[[1;32mupdate[0m  ] xf86-video-ati
[[1;32mupdate[0m  ] xf86-video-amdgpu
[[1;32mupdate[0m  ] xf86-video-nouveau
[[1;32mupdate[0m  ] wget
[[1;32mupdate[0m  ] e2fsprogs
