This file contains any messages produced by compilers while
running configure, to aid debugging if configure makes a mistake.

It was created by libostree configure 2021.3, which was
generated by GNU Autoconf 2.69.  Invocation command line was

  $ /root/hpkg-make/libostree/build/libostree-2021.3/configure 

## --------- ##
## Platform. ##
## --------- ##

hostname = hardclanz-bootstrapped
uname -m = x86_64
uname -r = 5.10.27-gentoo-x86_64
uname -s = Linux
uname -v = #3 SMP PREEMPT Mon Aug 2 15:49:11 MSK 2021

/usr/bin/uname -p = unknown
/bin/uname -X     = unknown

/bin/arch              = unknown
/usr/bin/arch -k       = unknown
/usr/convex/getsysinfo = unknown
/usr/bin/hostinfo      = unknown
/bin/machine           = unknown
/usr/bin/oslevel       = unknown
/bin/universe          = unknown

PATH: /usr/lib/ccache/bin
PATH: /sbin
PATH: /bin
PATH: /usr/sbin
PATH: /usr/bin


## ----------- ##
## Core tests. ##
## ----------- ##

configure:2768: checking for a BSD-compatible install
configure:2836: result: /usr/bin/install -c
configure:2847: checking whether build environment is sane
configure:2902: result: yes
configure:3048: checking for a thread-safe mkdir -p
configure:3087: result: /usr/bin/mkdir -p
configure:3094: checking for gawk
configure:3110: found /usr/bin/gawk
configure:3121: result: gawk
configure:3132: checking whether make sets $(MAKE)
configure:3154: result: yes
configure:3183: checking whether make supports nested variables
configure:3200: result: yes
configure:3217: error: source directory already configured; run "make distclean" there first

## ---------------- ##
## Cache variables. ##
## ---------------- ##

ac_cv_env_BASH_COMPLETIONSDIR_set=
ac_cv_env_BASH_COMPLETIONSDIR_value=
ac_cv_env_BUILDOPT_FUSE_CFLAGS_set=
ac_cv_env_BUILDOPT_FUSE_CFLAGS_value=
ac_cv_env_BUILDOPT_FUSE_LIBS_set=
ac_cv_env_BUILDOPT_FUSE_LIBS_value=
ac_cv_env_CC_set=
ac_cv_env_CC_value=
ac_cv_env_CFLAGS_set=
ac_cv_env_CFLAGS_value=
ac_cv_env_CPPFLAGS_set=
ac_cv_env_CPPFLAGS_value=
ac_cv_env_CPP_set=
ac_cv_env_CPP_value=
ac_cv_env_GLIB_CFLAGS_set=
ac_cv_env_GLIB_CFLAGS_value=
ac_cv_env_GLIB_COMPILE_RESOURCES_set=
ac_cv_env_GLIB_COMPILE_RESOURCES_value=
ac_cv_env_GLIB_GENMARSHAL_set=
ac_cv_env_GLIB_GENMARSHAL_value=
ac_cv_env_GLIB_LIBS_set=
ac_cv_env_GLIB_LIBS_value=
ac_cv_env_GLIB_MKENUMS_set=
ac_cv_env_GLIB_MKENUMS_value=
ac_cv_env_GOBJECT_QUERY_set=
ac_cv_env_GOBJECT_QUERY_value=
ac_cv_env_GTKDOC_DEPS_CFLAGS_set=
ac_cv_env_GTKDOC_DEPS_CFLAGS_value=
ac_cv_env_GTKDOC_DEPS_LIBS_set=
ac_cv_env_GTKDOC_DEPS_LIBS_value=
ac_cv_env_LDFLAGS_set=
ac_cv_env_LDFLAGS_value=
ac_cv_env_LIBSYSTEMD_CFLAGS_set=
ac_cv_env_LIBSYSTEMD_CFLAGS_value=
ac_cv_env_LIBSYSTEMD_LIBS_set=
ac_cv_env_LIBSYSTEMD_LIBS_value=
ac_cv_env_LIBS_set=
ac_cv_env_LIBS_value=
ac_cv_env_LT_SYS_LIBRARY_PATH_set=
ac_cv_env_LT_SYS_LIBRARY_PATH_value=
ac_cv_env_OT_DEP_AVAHI_CFLAGS_set=
ac_cv_env_OT_DEP_AVAHI_CFLAGS_value=
ac_cv_env_OT_DEP_AVAHI_LIBS_set=
ac_cv_env_OT_DEP_AVAHI_LIBS_value=
ac_cv_env_OT_DEP_CRYPTO_CFLAGS_set=
ac_cv_env_OT_DEP_CRYPTO_CFLAGS_value=
ac_cv_env_OT_DEP_CRYPTO_LIBS_set=
ac_cv_env_OT_DEP_CRYPTO_LIBS_value=
ac_cv_env_OT_DEP_CURL_CFLAGS_set=
ac_cv_env_OT_DEP_CURL_CFLAGS_value=
ac_cv_env_OT_DEP_CURL_LIBS_set=
ac_cv_env_OT_DEP_CURL_LIBS_value=
ac_cv_env_OT_DEP_E2P_CFLAGS_set=
ac_cv_env_OT_DEP_E2P_CFLAGS_value=
ac_cv_env_OT_DEP_E2P_LIBS_set=
ac_cv_env_OT_DEP_E2P_LIBS_value=
ac_cv_env_OT_DEP_GIO_UNIX_CFLAGS_set=
ac_cv_env_OT_DEP_GIO_UNIX_CFLAGS_value=
ac_cv_env_OT_DEP_GIO_UNIX_LIBS_set=
ac_cv_env_OT_DEP_GIO_UNIX_LIBS_value=
ac_cv_env_OT_DEP_GPGME_CFLAGS_set=
ac_cv_env_OT_DEP_GPGME_CFLAGS_value=
ac_cv_env_OT_DEP_GPGME_LIBS_set=
ac_cv_env_OT_DEP_GPGME_LIBS_value=
ac_cv_env_OT_DEP_GPG_ERROR_CFLAGS_set=
ac_cv_env_OT_DEP_GPG_ERROR_CFLAGS_value=
ac_cv_env_OT_DEP_GPG_ERROR_LIBS_set=
ac_cv_env_OT_DEP_GPG_ERROR_LIBS_value=
ac_cv_env_OT_DEP_LIBARCHIVE_CFLAGS_set=
ac_cv_env_OT_DEP_LIBARCHIVE_CFLAGS_value=
ac_cv_env_OT_DEP_LIBARCHIVE_LIBS_set=
ac_cv_env_OT_DEP_LIBARCHIVE_LIBS_value=
ac_cv_env_OT_DEP_LIBMOUNT_CFLAGS_set=
ac_cv_env_OT_DEP_LIBMOUNT_CFLAGS_value=
ac_cv_env_OT_DEP_LIBMOUNT_LIBS_set=
ac_cv_env_OT_DEP_LIBMOUNT_LIBS_value=
ac_cv_env_OT_DEP_LIBSODIUM_CFLAGS_set=
ac_cv_env_OT_DEP_LIBSODIUM_CFLAGS_value=
ac_cv_env_OT_DEP_LIBSODIUM_LIBS_set=
ac_cv_env_OT_DEP_LIBSODIUM_LIBS_value=
ac_cv_env_OT_DEP_LZMA_CFLAGS_set=
ac_cv_env_OT_DEP_LZMA_CFLAGS_value=
ac_cv_env_OT_DEP_LZMA_LIBS_set=
ac_cv_env_OT_DEP_LZMA_LIBS_value=
ac_cv_env_OT_DEP_SELINUX_CFLAGS_set=
ac_cv_env_OT_DEP_SELINUX_CFLAGS_value=
ac_cv_env_OT_DEP_SELINUX_LIBS_set=
ac_cv_env_OT_DEP_SELINUX_LIBS_value=
ac_cv_env_OT_DEP_SOUP_CFLAGS_set=
ac_cv_env_OT_DEP_SOUP_CFLAGS_value=
ac_cv_env_OT_DEP_SOUP_LIBS_set=
ac_cv_env_OT_DEP_SOUP_LIBS_value=
ac_cv_env_OT_DEP_ZLIB_CFLAGS_set=
ac_cv_env_OT_DEP_ZLIB_CFLAGS_value=
ac_cv_env_OT_DEP_ZLIB_LIBS_set=
ac_cv_env_OT_DEP_ZLIB_LIBS_value=
ac_cv_env_PKG_CONFIG_LIBDIR_set=
ac_cv_env_PKG_CONFIG_LIBDIR_value=
ac_cv_env_PKG_CONFIG_PATH_set=
ac_cv_env_PKG_CONFIG_PATH_value=
ac_cv_env_PKG_CONFIG_set=
ac_cv_env_PKG_CONFIG_value=
ac_cv_env_YACC_set=
ac_cv_env_YACC_value=
ac_cv_env_YFLAGS_set=
ac_cv_env_YFLAGS_value=
ac_cv_env_build_alias_set=
ac_cv_env_build_alias_value=
ac_cv_env_host_alias_set=
ac_cv_env_host_alias_value=
ac_cv_env_target_alias_set=
ac_cv_env_target_alias_value=
ac_cv_path_install='/usr/bin/install -c'
ac_cv_path_mkdir=/usr/bin/mkdir
ac_cv_prog_AWK=gawk
ac_cv_prog_make_make_set=yes
am_cv_make_support_nested_variables=yes

## ----------------- ##
## Output variables. ##
## ----------------- ##

ACLOCAL=''
AMDEPBACKSLASH=''
AMDEP_FALSE=''
AMDEP_TRUE=''
AMTAR=''
AM_BACKSLASH='\'
AM_DEFAULT_V='$(AM_DEFAULT_VERBOSITY)'
AM_DEFAULT_VERBOSITY='1'
AM_V='$(V)'
AR=''
AUTOCONF=''
AUTOHEADER=''
AUTOMAKE=''
AWK='gawk'
BASH_COMPLETIONSDIR=''
BUILDOPT_ASAN_FALSE=''
BUILDOPT_ASAN_TRUE=''
BUILDOPT_BUILTIN_GRUB2_MKCONFIG_FALSE=''
BUILDOPT_BUILTIN_GRUB2_MKCONFIG_TRUE=''
BUILDOPT_DRACUT_CONF_FALSE=''
BUILDOPT_DRACUT_CONF_TRUE=''
BUILDOPT_DRACUT_FALSE=''
BUILDOPT_DRACUT_TRUE=''
BUILDOPT_FUSE_CFLAGS=''
BUILDOPT_FUSE_FALSE=''
BUILDOPT_FUSE_LIBS=''
BUILDOPT_FUSE_TRUE=''
BUILDOPT_GJS_FALSE=''
BUILDOPT_GJS_TRUE=''
BUILDOPT_INTROSPECTION_FALSE=''
BUILDOPT_INTROSPECTION_TRUE=''
BUILDOPT_IS_DEVEL_BUILD_FALSE=''
BUILDOPT_IS_DEVEL_BUILD_TRUE=''
BUILDOPT_MKINITCPIO_FALSE=''
BUILDOPT_MKINITCPIO_TRUE=''
BUILDOPT_SYSTEMD_AND_LIBMOUNT_FALSE=''
BUILDOPT_SYSTEMD_AND_LIBMOUNT_TRUE=''
BUILDOPT_SYSTEMD_FALSE=''
BUILDOPT_SYSTEMD_TRUE=''
BUILDOPT_TSAN_FALSE=''
BUILDOPT_TSAN_TRUE=''
BUILDOPT_USE_STATIC_COMPILER_FALSE=''
BUILDOPT_USE_STATIC_COMPILER_TRUE=''
CC=''
CCDEPMODE=''
CFLAGS=''
CPP=''
CPPFLAGS=''
CYGPATH_W=''
DEFS=''
DEPDIR=''
DLLTOOL=''
DSYMUTIL=''
DUMPBIN=''
ECHO_C=''
ECHO_N='-n'
ECHO_T=''
EGREP=''
ENABLE_ALWAYS_BUILD_TESTS_FALSE=''
ENABLE_ALWAYS_BUILD_TESTS_TRUE=''
ENABLE_GTK_DOC_FALSE=''
ENABLE_GTK_DOC_TRUE=''
ENABLE_INSTALLED_TESTS_EXCLUSIVE_FALSE=''
ENABLE_INSTALLED_TESTS_EXCLUSIVE_TRUE=''
ENABLE_INSTALLED_TESTS_FALSE=''
ENABLE_INSTALLED_TESTS_TRUE=''
ENABLE_MAN_FALSE=''
ENABLE_MAN_TRUE=''
EXEEXT=''
FGREP=''
GJS=''
GLIB_CFLAGS=''
GLIB_COMPILE_RESOURCES=''
GLIB_GENMARSHAL=''
GLIB_LIBS=''
GLIB_MKENUMS=''
GOBJECT_QUERY=''
GPGME_CONFIG=''
GPGME_PTHREAD_CFLAGS=''
GPGME_PTHREAD_LIBS=''
GPG_ERROR_CONFIG=''
GREP=''
GRUB2_MKCONFIG=''
GTKDOC_CHECK=''
GTKDOC_CHECK_PATH=''
GTKDOC_DEPS_CFLAGS=''
GTKDOC_DEPS_LIBS=''
GTKDOC_MKPDF=''
GTKDOC_REBASE=''
GTK_DOC_BUILD_HTML_FALSE=''
GTK_DOC_BUILD_HTML_TRUE=''
GTK_DOC_BUILD_PDF_FALSE=''
GTK_DOC_BUILD_PDF_TRUE=''
GTK_DOC_USE_LIBTOOL_FALSE=''
GTK_DOC_USE_LIBTOOL_TRUE=''
GTK_DOC_USE_REBASE_FALSE=''
GTK_DOC_USE_REBASE_TRUE=''
HAVE_GTK_DOC_FALSE=''
HAVE_GTK_DOC_TRUE=''
HAVE_INTROSPECTION_FALSE=''
HAVE_INTROSPECTION_TRUE=''
HAVE_LIBSOUP_CLIENT_CERTS_FALSE=''
HAVE_LIBSOUP_CLIENT_CERTS_TRUE=''
HTML_DIR=''
INSTALL_DATA='${INSTALL} -m 644'
INSTALL_PROGRAM='${INSTALL}'
INSTALL_SCRIPT='${INSTALL}'
INSTALL_STRIP_PROGRAM='$(install_sh) -c -s'
INTROSPECTION_CFLAGS=''
INTROSPECTION_COMPILER=''
INTROSPECTION_GENERATE=''
INTROSPECTION_GIRDIR=''
INTROSPECTION_LIBS=''
INTROSPECTION_MAKEFILE=''
INTROSPECTION_SCANNER=''
INTROSPECTION_TYPELIBDIR=''
LD=''
LDFLAGS=''
LIBOBJS=''
LIBS=''
LIBSYSTEMD_CFLAGS=''
LIBSYSTEMD_LIBS=''
LIBTOOL=''
LIPO=''
LN_S=''
LTLIBOBJS=''
LT_SYS_LIBRARY_PATH=''
MAINT=''
MAINTAINER_MODE_FALSE=''
MAINTAINER_MODE_TRUE=''
MAKEINFO=''
MANIFEST_TOOL=''
MKDIR_P='/usr/bin/mkdir -p'
NM=''
NMEDIT=''
OBJDUMP=''
OBJEXT=''
OSTREE_FEATURES=''
OTOOL64=''
OTOOL=''
OT_DEP_AVAHI_CFLAGS=''
OT_DEP_AVAHI_LIBS=''
OT_DEP_CRYPTO_CFLAGS=''
OT_DEP_CRYPTO_LIBS=''
OT_DEP_CURL_CFLAGS=''
OT_DEP_CURL_LIBS=''
OT_DEP_E2P_CFLAGS=''
OT_DEP_E2P_LIBS=''
OT_DEP_GIO_UNIX_CFLAGS=''
OT_DEP_GIO_UNIX_LIBS=''
OT_DEP_GPGME_CFLAGS=''
OT_DEP_GPGME_LIBS=''
OT_DEP_GPG_ERROR_CFLAGS=''
OT_DEP_GPG_ERROR_LIBS=''
OT_DEP_LIBARCHIVE_CFLAGS=''
OT_DEP_LIBARCHIVE_LIBS=''
OT_DEP_LIBMOUNT_CFLAGS=''
OT_DEP_LIBMOUNT_LIBS=''
OT_DEP_LIBSODIUM_CFLAGS=''
OT_DEP_LIBSODIUM_LIBS=''
OT_DEP_LZMA_CFLAGS=''
OT_DEP_LZMA_LIBS=''
OT_DEP_SELINUX_CFLAGS=''
OT_DEP_SELINUX_LIBS=''
OT_DEP_SOUP_CFLAGS=''
OT_DEP_SOUP_LIBS=''
OT_DEP_ZLIB_CFLAGS=''
OT_DEP_ZLIB_LIBS=''
PACKAGE=''
PACKAGE_BUGREPORT='walters@verbum.org'
PACKAGE_NAME='libostree'
PACKAGE_STRING='libostree 2021.3'
PACKAGE_TARNAME='libostree'
PACKAGE_URL=''
PACKAGE_VERSION='2021.3'
PATH_SEPARATOR=':'
PKG_CONFIG=''
PKG_CONFIG_LIBDIR=''
PKG_CONFIG_PATH=''
RANLIB=''
RELEASE_VERSION=''
SED=''
SET_MAKE=''
SHELL='/bin/sh'
STATIC_COMPILER=''
STRIP=''
USE_AVAHI_FALSE=''
USE_AVAHI_TRUE=''
USE_CURL_FALSE=''
USE_CURL_OR_SOUP_FALSE=''
USE_CURL_OR_SOUP_TRUE=''
USE_CURL_TRUE=''
USE_GNUTLS_FALSE=''
USE_GNUTLS_TRUE=''
USE_GPGME_FALSE=''
USE_GPGME_TRUE=''
USE_LIBARCHIVE_FALSE=''
USE_LIBARCHIVE_TRUE=''
USE_LIBMOUNT_FALSE=''
USE_LIBMOUNT_TRUE=''
USE_LIBSODIUM_FALSE=''
USE_LIBSODIUM_TRUE=''
USE_LIBSOUP_FALSE=''
USE_LIBSOUP_TRUE=''
USE_OPENSSL_FALSE=''
USE_OPENSSL_TRUE=''
USE_SELINUX_FALSE=''
USE_SELINUX_TRUE=''
USE_SMACK_FALSE=''
USE_SMACK_TRUE=''
VERSION=''
WARN_CFLAGS=''
XSLTPROC=''
YACC=''
YEAR_VERSION=''
YFLAGS=''
_GI_EXP_DATADIR=''
_GI_EXP_LIBDIR=''
ac_ct_AR=''
ac_ct_CC=''
ac_ct_DUMPBIN=''
am__EXEEXT_FALSE=''
am__EXEEXT_TRUE=''
am__fastdepCC_FALSE=''
am__fastdepCC_TRUE=''
am__include=''
am__isrc=' -I$(srcdir)'
am__leading_dot='.'
am__nodep=''
am__quote=''
am__tar=''
am__untar=''
bindir='${exec_prefix}/bin'
build=''
build_alias=''
build_cpu=''
build_os=''
build_vendor=''
datadir='${datarootdir}'
datarootdir='${prefix}/share'
docdir='${datarootdir}/doc/${PACKAGE_TARNAME}'
dvidir='${docdir}'
exec_prefix='NONE'
host=''
host_alias=''
host_cpu=''
host_os=''
host_vendor=''
htmldir='${docdir}'
includedir='${prefix}/include'
infodir='${datarootdir}/info'
install_sh='${SHELL} /root/hpkg-make/libostree/build/libostree-2021.3/build-aux/install-sh'
installed_test_metadir=''
installed_testdir=''
libdir='${exec_prefix}/lib'
libexecdir='${exec_prefix}/libexec'
localedir='${datarootdir}/locale'
localstatedir='${prefix}/var'
mandir='${datarootdir}/man'
mkdir_p=''
oldincludedir='/usr/include'
pdfdir='${docdir}'
prefix='NONE'
program_transform_name='s,x,x,'
psdir='${docdir}'
runstatedir='${localstatedir}/run'
sbindir='${exec_prefix}/sbin'
sharedstatedir='${prefix}/com'
sysconfdir='${prefix}/etc'
systemdsystemgeneratordir=''
systemdsystemunitdir=''
target_alias=''

## ----------- ##
## confdefs.h. ##
## ----------- ##

/* confdefs.h */
#define PACKAGE_NAME "libostree"
#define PACKAGE_TARNAME "libostree"
#define PACKAGE_VERSION "2021.3"
#define PACKAGE_STRING "libostree 2021.3"
#define PACKAGE_BUGREPORT "walters@verbum.org"
#define PACKAGE_URL ""

configure: exit 1
